Build started 7/29/2017 4:03:13 PM.
     1>Project "C:\Users\Mirza\Documents\GitHub\CPP\fileOp\fileOp\fileOp.vcxproj" on node 2 (Build target(s)).
     1>ClCompile:
         C:\Program Files (x86)\Microsoft Visual Studio 14.0\VC\bin\CL.exe /c /ZI /nologo /W3 /WX- /sdl /Od /Oy- /D WIN32 /D _DEBUG /D _CONSOLE /D _UNICODE /D UNICODE /Gm /EHsc /RTC1 /MDd /GS /fp:precise /Zc:wchar_t /Zc:forScope /Zc:inline /Yu"stdafx.h" /Fp"Debug\fileOp.pch" /Fo"Debug\\" /Fd"Debug\vc140.pdb" /Gd /TP /analyze- /errorReport:prompt fileOp.cpp
         fileOp.cpp
     1>c:\users\mirza\documents\github\cpp\fileop\fileop\fileop.cpp(22): error C2143: syntax error: missing ';' before '*'
     1>c:\users\mirza\documents\github\cpp\fileop\fileop\fileop.cpp(22): error C4430: missing type specifier - int assumed. Note: C++ does not support default-int
     1>c:\users\mirza\documents\github\cpp\fileop\fileop\fileop.cpp(22): error C2238: unexpected token(s) preceding ';'
     1>c:\users\mirza\documents\github\cpp\fileop\fileop\fileop.cpp(24): error C2143: syntax error: missing ';' before '*'
     1>c:\users\mirza\documents\github\cpp\fileop\fileop\fileop.cpp(24): error C4430: missing type specifier - int assumed. Note: C++ does not support default-int
     1>c:\users\mirza\documents\github\cpp\fileop\fileop\fileop.cpp(24): error C2238: unexpected token(s) preceding ';'
     1>Done Building Project "C:\Users\Mirza\Documents\GitHub\CPP\fileOp\fileOp\fileOp.vcxproj" (Build target(s)) -- FAILED.

Build FAILED.

Time Elapsed 00:00:00.38
